[11:47:28] [main/INFO]: Environment: authHost='https://authserver.mojang.com', accountsHost='https://api.mojang.com', sessionHost='https://sessionserver.mojang.com', servicesHost='https://api.minecraftservices.com', name='PROD'
[11:47:30] [main/INFO]: Reloading ResourceManager: Default, bukkit
[11:47:31] [Worker-Main-12/INFO]: Loaded 7 recipes
[11:47:49] [Server thread/INFO]: Starting minecraft server version 1.16.4
[11:47:49] [Server thread/INFO]: Loading properties
[11:47:56] [Server thread/INFO]: This server is running CraftBukkit version git-Spigot-37d799b-3eb7236 (MC: 1.16.4) (Implementing API version 1.16.4-R0.1-SNAPSHOT)
[11:47:57] [Server thread/INFO]: Using 4 threads for Netty based IO
[11:47:57] [Server thread/INFO]: Server Ping Player Sample Count: 12
[11:47:57] [Server thread/INFO]: Debug logging is disabled
[11:47:57] [Server thread/INFO]: Default game type: ADVENTURE
[11:47:57] [Server thread/INFO]: Generating keypair
[11:48:01] [Server thread/INFO]: Starting Minecraft server on *:25565
[11:48:02] [Server thread/INFO]: Using default channel type
[11:49:01] [Server thread/INFO]: [WorldEdit] Loading WorldEdit v7.2.5+57d5ac9
[11:49:18] [Server thread/INFO]: Got request to register class com.sk89q.worldedit.bukkit.BukkitServerInterface with WorldEdit [com.sk89q.worldedit.extension.platform.PlatformManager@5623d7b6]
[11:49:18] [Server thread/INFO]: [HolographicDisplays] Loading HolographicDisplays v2.4.6
[11:49:18] [Server thread/INFO]: [Essentials] Loading Essentials v2.18.2.0
[11:49:18] [Server thread/INFO]: [Multiverse-Core] Loading Multiverse-Core v4.2.2-b812
[11:49:18] [Server thread/INFO]: [BedWars] Loading BedWars v0.2.15
[11:49:18] [Server thread/INFO]: [Multiverse-Portals] Loading Multiverse-Portals v4.2.0-b826
[11:49:18] [Server thread/INFO]: [Multiverse-Inventories] Loading Multiverse-Inventories v4.2.1-b490
[11:49:18] [Server thread/INFO]: [WorldEdit] Enabling WorldEdit v7.2.5+57d5ac9
[11:49:18] [Server thread/INFO]: WEPIF: Using the Bukkit Permissions API.
[11:49:25] [Server thread/INFO]: Using com.sk89q.worldedit.bukkit.adapter.impl.Spigot_v1_16_R3 as the Bukkit adapter
[11:49:35] [Server thread/INFO]: [WorldEdit] ====================================================
[11:49:35] [Server thread/INFO]: [WorldEdit]  WorldEdit works better if you use Paper 
[11:49:35] [Server thread/INFO]: [WorldEdit]  as your server software. 
[11:49:35] [Server thread/INFO]: [WorldEdit]   
[11:49:35] [Server thread/INFO]: [WorldEdit]  Paper offers significant performance improvements,
[11:49:35] [Server thread/INFO]: [WorldEdit]  bug fixes, security enhancements and optional
[11:49:35] [Server thread/INFO]: [WorldEdit]  features for server owners to enhance their server.
[11:49:35] [Server thread/INFO]: [WorldEdit]   
[11:49:35] [Server thread/INFO]: [WorldEdit]  Paper includes Timings v2, which is significantly
[11:49:35] [Server thread/INFO]: [WorldEdit]  better at diagnosing lag problems over v1.
[11:49:35] [Server thread/INFO]: [WorldEdit]   
[11:49:35] [Server thread/INFO]: [WorldEdit]  All of your plugins should still work, and the
[11:49:35] [Server thread/INFO]: [WorldEdit]  Paper community will gladly help you fix any issues.
[11:49:35] [Server thread/INFO]: [WorldEdit]   
[11:49:35] [Server thread/INFO]: [WorldEdit]  Join the Paper Community @ https://papermc.io
[11:49:35] [Server thread/INFO]: [WorldEdit] ====================================================
[11:49:35] [Server thread/WARN]: **** SERVER IS RUNNING IN OFFLINE/INSECURE MODE!
[11:49:35] [Server thread/WARN]: The server will make no attempt to authenticate usernames. Beware.
[11:49:35] [Server thread/WARN]: While this makes the game possible to play without internet access, it also opens up the ability for hackers to connect with any username they choose.
[11:49:35] [Server thread/WARN]: To change this, set "online-mode" to "true" in the server.properties file.
[11:49:35] [Server thread/INFO]: Preparing level "Lobby"
[11:49:35] [Server thread/INFO]: -------- World Settings For [Lobby] --------
[11:49:35] [Server thread/INFO]: Mob Spawn Range: 6
[11:49:35] [Server thread/INFO]: Entity Tracking Range: Pl 48 / An 48 / Mo 48 / Mi 32 / Other 64
[11:49:35] [Server thread/INFO]: View Distance: 10
[11:49:35] [Server thread/INFO]: Allow Zombie Pigmen to spawn from portal blocks: true
[11:49:35] [Server thread/INFO]: Item Despawn Rate: 6000
[11:49:35] [Server thread/INFO]: Item Merge Radius: 2.5
[11:49:35] [Server thread/INFO]: Custom Map Seeds:  Village: 10387312 Desert: 14357617 Igloo: 14357618 Jungle: 14357619 Swamp: 14357620 Monument: 10387313 Ocean: 14357621 Shipwreck: 165745295 End City: 10387313 Slime: 987234911 Bastion: 30084232 Fortress: 30084232 Mansion: 10387319 Fossil: 14357921 Portal: 34222645
[11:49:35] [Server thread/INFO]: Zombie Aggressive Towards Villager: true
[11:49:35] [Server thread/INFO]: Arrow Despawn Rate: 1200 Trident Respawn Rate:1200
[11:49:35] [Server thread/INFO]: Nerfing mobs spawned from spawners: false
[11:49:35] [Server thread/INFO]: Hopper Transfer: 8 Hopper Check: 1 Hopper Amount: 1
[11:49:35] [Server thread/INFO]: Cactus Growth Modifier: 100%
[11:49:35] [Server thread/INFO]: Cane Growth Modifier: 100%
[11:49:35] [Server thread/INFO]: Melon Growth Modifier: 100%
[11:49:35] [Server thread/INFO]: Mushroom Growth Modifier: 100%
[11:49:35] [Server thread/INFO]: Pumpkin Growth Modifier: 100%
[11:49:35] [Server thread/INFO]: Sapling Growth Modifier: 100%
[11:49:35] [Server thread/INFO]: Beetroot Growth Modifier: 100%
[11:49:35] [Server thread/INFO]: Carrot Growth Modifier: 100%
[11:49:35] [Server thread/INFO]: Potato Growth Modifier: 100%
[11:49:35] [Server thread/INFO]: Wheat Growth Modifier: 100%
[11:49:35] [Server thread/INFO]: NetherWart Growth Modifier: 100%
[11:49:35] [Server thread/INFO]: Vine Growth Modifier: 100%
[11:49:35] [Server thread/INFO]: Cocoa Growth Modifier: 100%
[11:49:35] [Server thread/INFO]: Bamboo Growth Modifier: 100%
[11:49:35] [Server thread/INFO]: SweetBerry Growth Modifier: 100%
[11:49:35] [Server thread/INFO]: Kelp Growth Modifier: 100%
[11:49:35] [Server thread/INFO]: Experience Merge Radius: 3.0
[11:49:35] [Server thread/INFO]: Entity Activation Range: An 32 / Mo 32 / Ra 48 / Mi 16 / Tiv true
[11:49:35] [Server thread/INFO]: Max TNT Explosions: 100
[11:49:35] [Server thread/INFO]: Tile Max Tick Time: 50ms Entity max Tick Time: 50ms
[11:49:37] [Server thread/INFO]: Registering commands with com.sk89q.worldedit.bukkit.BukkitServerInterface
[11:49:39] [Server thread/INFO]: -------- World Settings For [Lobby_the_end] --------
[11:49:39] [Server thread/INFO]: Mob Spawn Range: 6
[11:49:39] [Server thread/INFO]: Entity Tracking Range: Pl 48 / An 48 / Mo 48 / Mi 32 / Other 64
[11:49:39] [Server thread/INFO]: View Distance: 10
[11:49:39] [Server thread/INFO]: Allow Zombie Pigmen to spawn from portal blocks: true
[11:49:39] [Server thread/INFO]: Item Despawn Rate: 6000
[11:49:39] [Server thread/INFO]: Item Merge Radius: 2.5
[11:49:39] [Server thread/INFO]: Custom Map Seeds:  Village: 10387312 Desert: 14357617 Igloo: 14357618 Jungle: 14357619 Swamp: 14357620 Monument: 10387313 Ocean: 14357621 Shipwreck: 165745295 End City: 10387313 Slime: 987234911 Bastion: 30084232 Fortress: 30084232 Mansion: 10387319 Fossil: 14357921 Portal: 34222645
[11:49:39] [Server thread/INFO]: Zombie Aggressive Towards Villager: true
[11:49:39] [Server thread/INFO]: Arrow Despawn Rate: 1200 Trident Respawn Rate:1200
[11:49:39] [Server thread/INFO]: Nerfing mobs spawned from spawners: false
[11:49:39] [Server thread/INFO]: Hopper Transfer: 8 Hopper Check: 1 Hopper Amount: 1
[11:49:39] [Server thread/INFO]: Cactus Growth Modifier: 100%
[11:49:39] [Server thread/INFO]: Cane Growth Modifier: 100%
[11:49:39] [Server thread/INFO]: Melon Growth Modifier: 100%
[11:49:39] [Server thread/INFO]: Mushroom Growth Modifier: 100%
[11:49:39] [Server thread/INFO]: Pumpkin Growth Modifier: 100%
[11:49:39] [Server thread/INFO]: Sapling Growth Modifier: 100%
[11:49:39] [Server thread/INFO]: Beetroot Growth Modifier: 100%
[11:49:39] [Server thread/INFO]: Carrot Growth Modifier: 100%
[11:49:39] [Server thread/INFO]: Potato Growth Modifier: 100%
[11:49:39] [Server thread/INFO]: Wheat Growth Modifier: 100%
[11:49:39] [Server thread/INFO]: NetherWart Growth Modifier: 100%
[11:49:39] [Server thread/INFO]: Vine Growth Modifier: 100%
[11:49:39] [Server thread/INFO]: Cocoa Growth Modifier: 100%
[11:49:39] [Server thread/INFO]: Bamboo Growth Modifier: 100%
[11:49:39] [Server thread/INFO]: SweetBerry Growth Modifier: 100%
[11:49:39] [Server thread/INFO]: Kelp Growth Modifier: 100%
[11:49:39] [Server thread/INFO]: Experience Merge Radius: 3.0
[11:49:39] [Server thread/INFO]: Entity Activation Range: An 32 / Mo 32 / Ra 48 / Mi 16 / Tiv true
[11:49:39] [Server thread/INFO]: Max TNT Explosions: 100
[11:49:39] [Server thread/INFO]: Tile Max Tick Time: 50ms Entity max Tick Time: 50ms
[11:49:39] [Server thread/INFO]: Preparing start region for dimension minecraft:overworld
[11:49:44] [Server thread/INFO]: Preparing spawn area: 0%
[11:49:44] [Server thread/INFO]: Preparing spawn area: 0%
[11:49:44] [Server thread/INFO]: Preparing spawn area: 0%
[11:49:44] [Server thread/INFO]: Preparing spawn area: 0%
[11:49:44] [Server thread/INFO]: Preparing spawn area: 0%
[11:49:44] [Server thread/INFO]: Preparing spawn area: 0%
[11:49:44] [Server thread/INFO]: Preparing spawn area: 0%
[11:49:44] [Server thread/INFO]: Preparing spawn area: 0%
[11:49:44] [Server thread/INFO]: Preparing spawn area: 0%
[11:49:44] [Server thread/INFO]: Preparing spawn area: 0%
[11:49:44] [Server thread/INFO]: Preparing spawn area: 0%
[11:49:52] [Server thread/INFO]: Preparing spawn area: 0%
[11:49:52] [Server thread/INFO]: Preparing spawn area: 0%
[11:49:52] [Server thread/INFO]: Preparing spawn area: 0%
[11:49:52] [Server thread/INFO]: Preparing spawn area: 0%
[11:49:52] [Server thread/INFO]: Preparing spawn area: 0%
[11:49:52] [Server thread/INFO]: Preparing spawn area: 0%
[11:49:52] [Server thread/INFO]: Preparing spawn area: 0%
[11:49:52] [Server thread/INFO]: Preparing spawn area: 0%
[11:49:52] [Server thread/INFO]: Preparing spawn area: 0%
[11:49:52] [Server thread/INFO]: Preparing spawn area: 0%
[11:49:52] [Server thread/INFO]: Preparing spawn area: 0%
[11:49:52] [Server thread/INFO]: Preparing spawn area: 0%
[11:49:52] [Server thread/INFO]: Preparing spawn area: 0%
[11:49:52] [Server thread/INFO]: Preparing spawn area: 0%
[11:49:52] [Server thread/INFO]: Preparing spawn area: 0%
[11:49:52] [Server thread/INFO]: Preparing spawn area: 0%
[11:49:53] [Server thread/INFO]: Preparing spawn area: 83%
[11:49:53] [Server thread/INFO]: Time elapsed: 14363 ms
[11:49:53] [Server thread/INFO]: Preparing start region for dimension minecraft:the_end
[11:49:55] [Server thread/INFO]: Preparing spawn area: 0%
[11:49:55] [Server thread/INFO]: Preparing spawn area: 0%
[11:49:55] [Server thread/INFO]: Preparing spawn area: 0%
[11:49:55] [Server thread/INFO]: Preparing spawn area: 0%
[11:49:55] [Server thread/INFO]: Preparing spawn area: 0%
[11:49:56] [Server thread/INFO]: Preparing spawn area: 0%
[11:49:56] [Server thread/INFO]: Time elapsed: 3045 ms
[11:49:56] [Server thread/INFO]: [HolographicDisplays] Enabling HolographicDisplays v2.4.6
[11:49:56] [Server thread/INFO]: [Essentials] Enabling Essentials v2.18.2.0
[11:49:57] [Server thread/INFO]: [Essentials] You are running a server with limited API functionality. EssentialsX will still work, but certain features may be disabled.
[11:49:57] [Server thread/INFO]: Attempting to convert old kits in config.yml to new kits.yml
[11:49:57] [Server thread/INFO]: No kits found to migrate.
[11:49:58] [Server thread/INFO]: Loaded 25599 items from items.json.
[11:49:59] [Server thread/INFO]: Using locale it_IT
[11:49:59] [Server thread/INFO]: [Essentials] ServerListPingEvent: Spigot iterator API
[11:49:59] [Server thread/INFO]: [Essentials] Starting Metrics. Opt-out using the global bStats config.
[11:49:59] [Server thread/INFO]: [Essentials] Using superperms-based permissions.
[11:49:59] [Server thread/INFO]: [Multiverse-Core] Enabling Multiverse-Core v4.2.2-b812
[11:49:59] [Server thread/WARN]: [Multiverse-Core] "Multiverse-Core v4.2.2-b812" has registered a listener for org.bukkit.event.entity.EntityCreatePortalEvent on method "public void com.onarandombox.MultiverseCore.listeners.MVPortalListener.entityPortalCreate(org.bukkit.event.entity.EntityCreatePortalEvent)", but the event is Deprecated. "Server performance will be affected"; please notify the authors [dumptruckman, Rigby, fernferret, lithium3141, main--].
[11:49:59] [Server thread/INFO]: [Multiverse-Core] §aWe are aware of the warning about the deprecated event. There is no alternative that allows us to do what we need to do and performance impact is negligible. It is safe to ignore.
[11:50:00] [Server thread/INFO]: -------- World Settings For [calderara_cubetti] --------
[11:50:00] [Server thread/INFO]: Mob Spawn Range: 6
[11:50:00] [Server thread/INFO]: Entity Tracking Range: Pl 48 / An 48 / Mo 48 / Mi 32 / Other 64
[11:50:00] [Server thread/INFO]: View Distance: 10
[11:50:00] [Server thread/INFO]: Allow Zombie Pigmen to spawn from portal blocks: true
[11:50:00] [Server thread/INFO]: Item Despawn Rate: 6000
[11:50:00] [Server thread/INFO]: Item Merge Radius: 2.5
[11:50:00] [Server thread/INFO]: Custom Map Seeds:  Village: 10387312 Desert: 14357617 Igloo: 14357618 Jungle: 14357619 Swamp: 14357620 Monument: 10387313 Ocean: 14357621 Shipwreck: 165745295 End City: 10387313 Slime: 987234911 Bastion: 30084232 Fortress: 30084232 Mansion: 10387319 Fossil: 14357921 Portal: 34222645
[11:50:00] [Server thread/INFO]: Zombie Aggressive Towards Villager: true
[11:50:00] [Server thread/INFO]: Arrow Despawn Rate: 1200 Trident Respawn Rate:1200
[11:50:00] [Server thread/INFO]: Nerfing mobs spawned from spawners: false
[11:50:00] [Server thread/INFO]: Hopper Transfer: 8 Hopper Check: 1 Hopper Amount: 1
[11:50:00] [Server thread/INFO]: Cactus Growth Modifier: 100%
[11:50:00] [Server thread/INFO]: Cane Growth Modifier: 100%
[11:50:00] [Server thread/INFO]: Melon Growth Modifier: 100%
[11:50:00] [Server thread/INFO]: Mushroom Growth Modifier: 100%
[11:50:00] [Server thread/INFO]: Pumpkin Growth Modifier: 100%
[11:50:00] [Server thread/INFO]: Sapling Growth Modifier: 100%
[11:50:00] [Server thread/INFO]: Beetroot Growth Modifier: 100%
[11:50:00] [Server thread/INFO]: Carrot Growth Modifier: 100%
[11:50:00] [Server thread/INFO]: Potato Growth Modifier: 100%
[11:50:00] [Server thread/INFO]: Wheat Growth Modifier: 100%
[11:50:00] [Server thread/INFO]: NetherWart Growth Modifier: 100%
[11:50:00] [Server thread/INFO]: Vine Growth Modifier: 100%
[11:50:00] [Server thread/INFO]: Cocoa Growth Modifier: 100%
[11:50:00] [Server thread/INFO]: Bamboo Growth Modifier: 100%
[11:50:00] [Server thread/INFO]: SweetBerry Growth Modifier: 100%
[11:50:00] [Server thread/INFO]: Kelp Growth Modifier: 100%
[11:50:00] [Server thread/INFO]: Experience Merge Radius: 3.0
[11:50:00] [Server thread/INFO]: Entity Activation Range: An 32 / Mo 32 / Ra 48 / Mi 16 / Tiv true
[11:50:00] [Server thread/INFO]: Max TNT Explosions: 100
[11:50:00] [Server thread/INFO]: Tile Max Tick Time: 50ms Entity max Tick Time: 50ms
[11:50:00] [Server thread/INFO]: Preparing start region for dimension minecraft:calderara_cubetti
[11:50:04] [Server thread/INFO]: Preparing spawn area: 0%
[11:50:04] [Server thread/INFO]: Preparing spawn area: 0%
[11:50:04] [Server thread/INFO]: Preparing spawn area: 0%
[11:50:04] [Server thread/INFO]: Preparing spawn area: 0%
[11:50:04] [Server thread/INFO]: Preparing spawn area: 0%
[11:50:04] [Server thread/INFO]: Preparing spawn area: 0%
[11:50:04] [Server thread/INFO]: Preparing spawn area: 0%
[11:50:04] [Server thread/INFO]: Preparing spawn area: 0%
[11:50:04] [Server thread/INFO]: Preparing spawn area: 0%
[11:50:05] [Server thread/INFO]: Preparing spawn area: 0%
[11:50:05] [Server thread/INFO]: Preparing spawn area: 0%
[11:50:05] [Server thread/INFO]: Preparing spawn area: 0%
[11:50:06] [Server thread/INFO]: Time elapsed: 5936 ms
[11:50:06] [Server thread/WARN]: [Multiverse-Core] WorldManager: Can't load this world because the folder was deleted/moved: bedwars
[11:50:06] [Server thread/WARN]: [Multiverse-Core] Use '/mv remove' to remove it from the config!
[11:50:06] [Server thread/INFO]: [Multiverse-Core] 3 - World(s) loaded.
[11:50:14] [Server thread/INFO]: [Multiverse-Core] Version 4.2.2-b812 (API v24) Enabled - By dumptruckman, Rigby, fernferret, lithium3141 and main--
[11:50:14] [Server thread/INFO]: [BedWars] Enabling BedWars v0.2.15
[11:50:15] [Server thread/INFO]: [BedWars] Successfully loaded messages for BedWars! Language: English
[11:50:15] [Server thread/INFO]: [BedWars] Loading statistics from YAML-File ...
[11:50:15] [Server thread/ERROR]: Error occurred while enabling BedWars v0.2.15 (Is it up to date?)
java.lang.IllegalArgumentException: No enum constant org.bukkit.ChatColor.CYAN
	at java.lang.Enum.valueOf(Enum.java:238) ~[?:1.8.0_341]
	at org.bukkit.ChatColor.valueOf(ChatColor.java:1) ~[server_spigot.jar:git-Spigot-37d799b-3eb7236]
	at org.screamingsandals.bedwars.Main.onEnable(Main.java:453) ~[?:?]
	at org.bukkit.plugin.java.JavaPlugin.setEnabled(JavaPlugin.java:263) ~[server_spigot.jar:git-Spigot-37d799b-3eb7236]
	at org.bukkit.plugin.java.JavaPluginLoader.enablePlugin(JavaPluginLoader.java:351) ~[server_spigot.jar:git-Spigot-37d799b-3eb7236]
	at org.bukkit.plugin.SimplePluginManager.enablePlugin(SimplePluginManager.java:480) ~[server_spigot.jar:git-Spigot-37d799b-3eb7236]
	at org.bukkit.craftbukkit.v1_16_R3.CraftServer.enablePlugin(CraftServer.java:494) ~[server_spigot.jar:git-Spigot-37d799b-3eb7236]
	at org.bukkit.craftbukkit.v1_16_R3.CraftServer.enablePlugins(CraftServer.java:408) ~[server_spigot.jar:git-Spigot-37d799b-3eb7236]
	at net.minecraft.server.v1_16_R3.MinecraftServer.loadWorld(MinecraftServer.java:435) ~[server_spigot.jar:git-Spigot-37d799b-3eb7236]
	at net.minecraft.server.v1_16_R3.DedicatedServer.init(DedicatedServer.java:218) ~[server_spigot.jar:git-Spigot-37d799b-3eb7236]
	at net.minecraft.server.v1_16_R3.MinecraftServer.w(MinecraftServer.java:808) ~[server_spigot.jar:git-Spigot-37d799b-3eb7236]
	at net.minecraft.server.v1_16_R3.MinecraftServer.lambda$0(MinecraftServer.java:164) ~[server_spigot.jar:git-Spigot-37d799b-3eb7236]
	at java.lang.Thread.run(Thread.java:750) [?:1.8.0_341]
[11:50:15] [Server thread/INFO]: [Multiverse-Portals] Enabling Multiverse-Portals v4.2.0-b826
[11:50:15] [Server thread/WARN]: [Multiverse-Portals] Failed Parsing World for: port_lobby_bedwars (World Error, World did not exist or was not imported into Multiverse-Core!)
[11:50:15] [Server thread/WARN]: [Multiverse-Portals] Portal port_lobby_bedwars has an invalid LOCATION!
[11:50:15] [Server thread/WARN]: [Multiverse-Portals] Portal 'port_lobby_bedwars' not loaded due to invalid location!
[11:50:15] [Server thread/INFO]: [Multiverse-Portals] 4 - Portals(s) loaded
[11:50:15] [Server thread/WARN]: [Multiverse-Core] Portal port_bedwars has an invalid DESTINATION!
[11:50:15] [Server thread/INFO]: [Multiverse-Portals] Found WorldEdit. Using it for selections.
[11:50:15] [Server thread/INFO]: [Multiverse-Portals 4.2.0-b826]  Enabled - By Rigby and fernferret
[11:50:15] [Server thread/INFO]: [Multiverse-Inventories] Enabling Multiverse-Inventories v4.2.1-b490
[11:50:16] [Server thread/INFO]: [Multiverse-Inventories 4.2.1-b490] enabled.
[11:50:16] [Server thread/INFO]: Server permissions file permissions.yml is empty, ignoring it
[11:50:18] [Server thread/INFO]: Done (43.639s)! For help, type "help"
[11:50:19] [Server thread/WARN]: [HolographicDisplays] Hologram 'port_lobby_bedwars' was in the world 'bedwars' but it wasn't loaded.
[11:50:19] [Server thread/WARN]: [HolographicDisplays] Hologram 'bedwars_exit' was in the world 'bedwars' but it wasn't loaded.
[11:50:21] [User Authenticator #1/INFO]: UUID of player MVgamer140 is b467d275-fde6-38fe-8e41-6b90dbefdd81
[11:50:22] [Server thread/WARN]: Unknown respawn dimension ResourceKey[minecraft:dimension / minecraft:bedwars], defaulting to overworld
[11:50:27] [pool-11-thread-1/ERROR]: Could not call method 'public static org.bukkit.Location org.bukkit.Location.deserialize(java.util.Map)' of class org.bukkit.Location for deserialization
java.lang.IllegalArgumentException: unknown world
	at org.bukkit.Location.deserialize(Location.java:668) ~[server_spigot.jar:git-Spigot-37d799b-3eb7236]
	at sun.reflect.NativeMethodAccessorImpl.invoke0(Native Method) ~[?:1.8.0_341]
	at sun.reflect.NativeMethodAccessorImpl.invoke(NativeMethodAccessorImpl.java:62) ~[?:1.8.0_341]
	at sun.reflect.DelegatingMethodAccessorImpl.invoke(DelegatingMethodAccessorImpl.java:43) ~[?:1.8.0_341]
	at java.lang.reflect.Method.invoke(Method.java:498) ~[?:1.8.0_341]
	at org.bukkit.configuration.serialization.ConfigurationSerialization.deserializeViaMethod(ConfigurationSerialization.java:85) [server_spigot.jar:git-Spigot-37d799b-3eb7236]
	at org.bukkit.configuration.serialization.ConfigurationSerialization.deserialize(ConfigurationSerialization.java:127) [server_spigot.jar:git-Spigot-37d799b-3eb7236]
	at org.bukkit.configuration.serialization.ConfigurationSerialization.deserializeObject(ConfigurationSerialization.java:207) [server_spigot.jar:git-Spigot-37d799b-3eb7236]
	at com.onarandombox.multiverseinventories.utils.configuration.util.SerializationHelper.deserialize(SerializationHelper.java:125) [Multiverse-Inventories-4.2.1.jar:?]
	at com.onarandombox.multiverseinventories.utils.configuration.util.SerializationHelper.deserialize(SerializationHelper.java:116) [Multiverse-Inventories-4.2.1.jar:?]
	at com.onarandombox.multiverseinventories.utils.configuration.util.SerializationHelper.deserialize(SerializationHelper.java:116) [Multiverse-Inventories-4.2.1.jar:?]
	at com.onarandombox.multiverseinventories.utils.configuration.json.JsonConfiguration.convertMapsToSections(JsonConfiguration.java:75) [Multiverse-Inventories-4.2.1.jar:?]
	at com.onarandombox.multiverseinventories.utils.configuration.json.JsonConfiguration.loadFromString(JsonConfiguration.java:68) [Multiverse-Inventories-4.2.1.jar:?]
	at org.bukkit.configuration.file.FileConfiguration.load(FileConfiguration.java:160) [server_spigot.jar:git-Spigot-37d799b-3eb7236]
	at org.bukkit.configuration.file.FileConfiguration.load(FileConfiguration.java:128) [server_spigot.jar:git-Spigot-37d799b-3eb7236]
	at com.onarandombox.multiverseinventories.utils.configuration.json.JsonConfiguration.loadConfiguration(JsonConfiguration.java:110) [Multiverse-Inventories-4.2.1.jar:?]
	at com.onarandombox.multiverseinventories.utils.configuration.json.JsonConfiguration.loadConfiguration(JsonConfiguration.java:131) [Multiverse-Inventories-4.2.1.jar:?]
	at com.onarandombox.multiverseinventories.FlatFileProfileDataSource.getConfigHandleNow(FlatFileProfileDataSource.java:96) [Multiverse-Inventories-4.2.1.jar:?]
	at com.onarandombox.multiverseinventories.FlatFileProfileDataSource.access$100(FlatFileProfileDataSource.java:37) [Multiverse-Inventories-4.2.1.jar:?]
	at com.onarandombox.multiverseinventories.FlatFileProfileDataSource$ConfigLoader.call(FlatFileProfileDataSource.java:108) [Multiverse-Inventories-4.2.1.jar:?]
	at com.onarandombox.multiverseinventories.FlatFileProfileDataSource$ConfigLoader.call(FlatFileProfileDataSource.java:99) [Multiverse-Inventories-4.2.1.jar:?]
	at java.util.concurrent.FutureTask.run(FutureTask.java:266) [?:1.8.0_341]
	at java.util.concurrent.ThreadPoolExecutor.runWorker(ThreadPoolExecutor.java:1149) [?:1.8.0_341]
	at java.util.concurrent.ThreadPoolExecutor$Worker.run(ThreadPoolExecutor.java:624) [?:1.8.0_341]
	at java.lang.Thread.run(Thread.java:750) [?:1.8.0_341]
[11:50:29] [pool-11-thread-1/ERROR]: Could not call method 'public static org.bukkit.Location org.bukkit.Location.deserialize(java.util.Map)' of class org.bukkit.Location for deserialization
java.lang.IllegalArgumentException: unknown world
	at org.bukkit.Location.deserialize(Location.java:668) ~[server_spigot.jar:git-Spigot-37d799b-3eb7236]
	at sun.reflect.NativeMethodAccessorImpl.invoke0(Native Method) ~[?:1.8.0_341]
	at sun.reflect.NativeMethodAccessorImpl.invoke(NativeMethodAccessorImpl.java:62) ~[?:1.8.0_341]
	at sun.reflect.DelegatingMethodAccessorImpl.invoke(DelegatingMethodAccessorImpl.java:43) ~[?:1.8.0_341]
	at java.lang.reflect.Method.invoke(Method.java:498) ~[?:1.8.0_341]
	at org.bukkit.configuration.serialization.ConfigurationSerialization.deserializeViaMethod(ConfigurationSerialization.java:85) [server_spigot.jar:git-Spigot-37d799b-3eb7236]
	at org.bukkit.configuration.serialization.ConfigurationSerialization.deserialize(ConfigurationSerialization.java:127) [server_spigot.jar:git-Spigot-37d799b-3eb7236]
	at org.bukkit.configuration.serialization.ConfigurationSerialization.deserializeObject(ConfigurationSerialization.java:207) [server_spigot.jar:git-Spigot-37d799b-3eb7236]
	at com.onarandombox.multiverseinventories.utils.configuration.util.SerializationHelper.deserialize(SerializationHelper.java:125) [Multiverse-Inventories-4.2.1.jar:?]
	at com.onarandombox.multiverseinventories.utils.configuration.util.SerializationHelper.deserialize(SerializationHelper.java:116) [Multiverse-Inventories-4.2.1.jar:?]
	at com.onarandombox.multiverseinventories.utils.configuration.util.SerializationHelper.deserialize(SerializationHelper.java:116) [Multiverse-Inventories-4.2.1.jar:?]
	at com.onarandombox.multiverseinventories.utils.configuration.json.JsonConfiguration.convertMapsToSections(JsonConfiguration.java:75) [Multiverse-Inventories-4.2.1.jar:?]
	at com.onarandombox.multiverseinventories.utils.configuration.json.JsonConfiguration.loadFromString(JsonConfiguration.java:68) [Multiverse-Inventories-4.2.1.jar:?]
	at org.bukkit.configuration.file.FileConfiguration.load(FileConfiguration.java:160) [server_spigot.jar:git-Spigot-37d799b-3eb7236]
	at org.bukkit.configuration.file.FileConfiguration.load(FileConfiguration.java:128) [server_spigot.jar:git-Spigot-37d799b-3eb7236]
	at com.onarandombox.multiverseinventories.utils.configuration.json.JsonConfiguration.loadConfiguration(JsonConfiguration.java:110) [Multiverse-Inventories-4.2.1.jar:?]
	at com.onarandombox.multiverseinventories.utils.configuration.json.JsonConfiguration.loadConfiguration(JsonConfiguration.java:131) [Multiverse-Inventories-4.2.1.jar:?]
	at com.onarandombox.multiverseinventories.FlatFileProfileDataSource.getConfigHandleNow(FlatFileProfileDataSource.java:96) [Multiverse-Inventories-4.2.1.jar:?]
	at com.onarandombox.multiverseinventories.FlatFileProfileDataSource.processProfileWrite(FlatFileProfileDataSource.java:199) [Multiverse-Inventories-4.2.1.jar:?]
	at com.onarandombox.multiverseinventories.FlatFileProfileDataSource.access$300(FlatFileProfileDataSource.java:37) [Multiverse-Inventories-4.2.1.jar:?]
	at com.onarandombox.multiverseinventories.FlatFileProfileDataSource$FileWriter.call(FlatFileProfileDataSource.java:190) [Multiverse-Inventories-4.2.1.jar:?]
	at com.onarandombox.multiverseinventories.FlatFileProfileDataSource$FileWriter.call(FlatFileProfileDataSource.java:181) [Multiverse-Inventories-4.2.1.jar:?]
	at java.util.concurrent.FutureTask.run(FutureTask.java:266) [?:1.8.0_341]
	at java.util.concurrent.ThreadPoolExecutor.runWorker(ThreadPoolExecutor.java:1149) [?:1.8.0_341]
	at java.util.concurrent.ThreadPoolExecutor$Worker.run(ThreadPoolExecutor.java:624) [?:1.8.0_341]
	at java.lang.Thread.run(Thread.java:750) [?:1.8.0_341]
[11:50:31] [Server thread/INFO]: MVgamer140[/127.0.0.1:52999] logged in with entity id 46 at ([Lobby]5.815708578749961, 98.0, -2.5501034067257775)
[11:50:32] [Server thread/WARN]: Can't keep up! Is the server overloaded? Running 11081ms or 221 ticks behind
[11:50:32] [Server thread/INFO]: [HolographicDisplays] Found a new version available: v3.0.0
[11:50:32] [Server thread/INFO]: [HolographicDisplays] Download it on Bukkit Dev:
[11:50:32] [Server thread/INFO]: [HolographicDisplays] dev.bukkit.org/projects/holographic-displays
[11:54:09] [Server thread/INFO]: MVgamer140 issued server command: /suicide
[11:54:09] [Server thread/INFO]: MVgamer140 died
[11:54:52] [Server thread/INFO]: MVgamer140 issued server command: //wand
[11:55:48] [Server thread/INFO]: MVgamer140 issued server command: /gamemode spectator
[11:56:13] [Server thread/INFO]: MVgamer140 issued server command: /gamemode creative
[11:59:22] [Server thread/INFO]: MVgamer140 lost connection: Disconnected
[11:59:23] [Server thread/INFO]: MVgamer140 left the game
[11:59:30] [Server thread/INFO]: Stopping the server
[11:59:30] [Server thread/INFO]: Stopping server
[11:59:30] [Server thread/INFO]: [Multiverse-Inventories] Disabling Multiverse-Inventories v4.2.1-b490
[11:59:30] [Server thread/INFO]: [Multiverse-Portals] Disabling Multiverse-Portals v4.2.0-b826
[11:59:30] [Server thread/INFO]: [BedWars] Disabling BedWars v0.2.15
[11:59:30] [Server thread/INFO]: [Multiverse-Core] Disabling Multiverse-Core v4.2.2-b812
[11:59:30] [Server thread/INFO]: [Essentials] Disabling Essentials v2.18.2.0
[11:59:30] [Server thread/INFO]: [HolographicDisplays] Disabling HolographicDisplays v2.4.6
[11:59:30] [Server thread/INFO]: [WorldEdit] Disabling WorldEdit v7.2.5+57d5ac9
[11:59:30] [Server thread/INFO]: Unregistering com.sk89q.worldedit.bukkit.BukkitServerInterface from WorldEdit
[11:59:30] [Server thread/INFO]: Saving players
[11:59:30] [Server thread/INFO]: Saving worlds
[11:59:30] [Server thread/INFO]: Saving chunks for level 'ServerLevel[Lobby]'/minecraft:overworld
[11:59:30] [Server thread/INFO]: ThreadedAnvilChunkStorage (Lobby): All chunks are saved
[11:59:30] [Server thread/INFO]: Saving chunks for level 'ServerLevel[Lobby_the_end]'/minecraft:the_end
[11:59:30] [Server thread/INFO]: ThreadedAnvilChunkStorage (DIM1): All chunks are saved
[11:59:30] [Server thread/INFO]: Saving chunks for level 'ServerLevel[calderara_cubetti]'/minecraft:calderara_cubetti
[11:59:31] [Server thread/INFO]: ThreadedAnvilChunkStorage (calderara_cubetti): All chunks are saved
[11:59:31] [Server thread/INFO]: ThreadedAnvilChunkStorage (Lobby): All chunks are saved
[11:59:31] [Server thread/INFO]: ThreadedAnvilChunkStorage (DIM1): All chunks are saved
[11:59:31] [Server thread/INFO]: ThreadedAnvilChunkStorage (calderara_cubetti): All chunks are saved
